<?xml version="1.0" encoding="UTF-8"?>
<testsuite xmlns:xsi="http://www.w3.org/2001/XMLSchema-instance" xsi:noNamespaceSchemaLocation="https://maven.apache.org/surefire/maven-surefire-plugin/xsd/surefire-test-report.xsd" version="3.0.1" name="com.github.gbz3.try_jqwik.PropertyBasedTest" time="0.211" tests="2" errors="0" skipped="0" failures="2">
  <properties>
[...]
</properties>
  <testcase name="checkLength" classname="com.github.gbz3.try_jqwik.PropertyBasedTest" time="0.15">
    <failure message="&#10;Expecting actual:&#10;  0&#10;to be greater than:&#10;  0&#10;" type="java.lang.AssertionError"><![CDATA[java.lang.AssertionError: 

Expecting actual:
  0
to be greater than:
  0

	at com.github.gbz3.try_jqwik.PropertyBasedTest.checkLength(PropertyBasedTest.java:16)
	at java.base/java.lang.reflect.Method.invoke(Method.java:569)
	at net.jqwik.engine.execution.CheckedPropertyFactory.lambda$createRawFunction$1(CheckedPropertyFactory.java:84)
	at net.jqwik.engine.execution.CheckedPropertyFactory.lambda$createRawFunction$2(CheckedPropertyFactory.java:91)
	at net.jqwik.engine.properties.CheckedFunction.execute(CheckedFunction.java:17)
	at net.jqwik.api.lifecycle.AroundTryHook.lambda$static$0(AroundTryHook.java:57)
	at net.jqwik.engine.execution.lifecycle.HookSupport.lambda$wrap$2(HookSupport.java:48)
	at net.jqwik.engine.hooks.lifecycle.TryLifecycleMethodsHook.aroundTry(TryLifecycleMethodsHook.java:56)
	at net.jqwik.engine.execution.lifecycle.HookSupport.lambda$wrap$3(HookSupport.java:53)
	at net.jqwik.engine.execution.lifecycle.HookSupport.lambda$wrap$2(HookSupport.java:48)
	at net.jqwik.engine.hooks.lifecycle.BeforeTryMembersHook.aroundTry(BeforeTryMembersHook.java:69)
	at net.jqwik.engine.execution.lifecycle.HookSupport.lambda$wrap$3(HookSupport.java:53)
	at net.jqwik.engine.execution.CheckedPropertyFactory.lambda$createTryExecutor$0(CheckedPropertyFactory.java:60)
	at net.jqwik.engine.execution.lifecycle.AroundTryLifecycle.execute(AroundTryLifecycle.java:23)
	at net.jqwik.engine.properties.GenericProperty.lambda$createFalsifier$1(GenericProperty.java:229)
	at net.jqwik.engine.properties.shrinking.PropertyShrinker.lambda$shrink$0(PropertyShrinker.java:55)
	at net.jqwik.engine.properties.shrinking.PropertyShrinker.lambda$shrinkAsLongAsSampleImproves$6(PropertyShrinker.java:122)
	at net.jqwik.engine.properties.shrinking.AbstractSampleShrinker.lambda$falsify$5(AbstractSampleShrinker.java:91)
	at java.base/java.util.HashMap.computeIfAbsent(HashMap.java:1220)
	at net.jqwik.engine.properties.shrinking.AbstractSampleShrinker.falsify(AbstractSampleShrinker.java:91)
	at net.jqwik.engine.properties.shrinking.AbstractSampleShrinker.lambda$shrink$2(AbstractSampleShrinker.java:53)
	at java.base/java.util.stream.ReferencePipeline$3$1.accept(ReferencePipeline.java:197)
	at java.base/java.util.stream.ReferencePipeline$2$1.accept(ReferencePipeline.java:179)
	at java.base/java.util.stream.ReferencePipeline$15$1.accept(ReferencePipeline.java:541)
	at java.base/java.util.stream.ReferencePipeline$3$1.accept(ReferencePipeline.java:197)
	at java.base/java.util.stream.StreamSpliterators$WrappingSpliterator.tryAdvance(StreamSpliterators.java:300)
	at net.jqwik.engine.support.StreamConcatenation$ConcatSpliterator.tryAdvance(StreamConcatenation.java:304)
	at java.base/java.util.stream.ReferencePipeline.forEachWithCancel(ReferencePipeline.java:129)
	at java.base/java.util.stream.AbstractPipeline.copyIntoWithCancel(AbstractPipeline.java:527)
	at java.base/java.util.stream.AbstractPipeline.copyInto(AbstractPipeline.java:513)
	at java.base/java.util.stream.AbstractPipeline.wrapAndCopyInto(AbstractPipeline.java:499)
	at java.base/java.util.stream.FindOps$FindOp.evaluateSequential(FindOps.java:150)
	at java.base/java.util.stream.AbstractPipeline.evaluate(AbstractPipeline.java:234)
	at java.base/java.util.stream.ReferencePipeline.findAny(ReferencePipeline.java:652)
	at net.jqwik.engine.properties.shrinking.AbstractSampleShrinker.shrink(AbstractSampleShrinker.java:63)
	at net.jqwik.engine.properties.shrinking.OneAfterTheOtherParameterShrinker.shrinkSingleParameter(OneAfterTheOtherParameterShrinker.java:45)
	at net.jqwik.engine.properties.shrinking.OneAfterTheOtherParameterShrinker.shrink(OneAfterTheOtherParameterShrinker.java:27)
	at net.jqwik.engine.properties.shrinking.ShrinkingAlgorithm.shrinkOneParameterAfterTheOther(ShrinkingAlgorithm.java:52)
	at net.jqwik.engine.properties.shrinking.ShrinkingAlgorithm.shrink(ShrinkingAlgorithm.java:32)
	at net.jqwik.engine.properties.shrinking.PropertyShrinker.shrinkAsLongAsSampleImproves(PropertyShrinker.java:135)
	at net.jqwik.engine.properties.shrinking.PropertyShrinker.lambda$shrink$3(PropertyShrinker.java:87)
	at net.jqwik.engine.execution.lifecycle.CurrentTestDescriptor.runWithDescriptor(CurrentTestDescriptor.java:18)
	at net.jqwik.engine.properties.shrinking.PropertyShrinker.lambda$withTimeout$4(PropertyShrinker.java:103)
	at net.jqwik.engine.execution.lifecycle.CurrentDomainContext.runWithContext(CurrentDomainContext.java:30)
	at net.jqwik.engine.properties.shrinking.PropertyShrinker.lambda$withTimeout$5(PropertyShrinker.java:101)
	at java.base/java.util.concurrent.CompletableFuture$AsyncSupply.run(CompletableFuture.java:1768)
	at java.base/java.util.concurrent.CompletableFuture$AsyncSupply.exec(CompletableFuture.java:1760)
	at java.base/java.util.concurrent.ForkJoinTask.doExec(ForkJoinTask.java:373)
	at java.base/java.util.concurrent.ForkJoinPool$WorkQueue.topLevelExec(ForkJoinPool.java:1182)
	at java.base/java.util.concurrent.ForkJoinPool.scan(ForkJoinPool.java:1655)
	at java.base/java.util.concurrent.ForkJoinPool.runWorker(ForkJoinPool.java:1622)
	at java.base/java.util.concurrent.ForkJoinWorkerThread.run(ForkJoinWorkerThread.java:165)
]]></failure>
    <system-out><![CDATA[timestamp = 2024-09-14T13:00:49.996674571, PropertyBasedTest:checkLength = 
  java.lang.AssertionError:
    Expecting actual:
      0
    to be greater than:
      0

                              |-----------------------jqwik-----------------------
tries = 37                    | # of calls to property
checks = 37                   | # of not rejected calls
generation = RANDOMIZED       | parameters are randomly generated
after-failure = SAMPLE_FIRST  | try previously failed sample, then previous seed
when-fixed-seed = ALLOW       | fixing the random seed is allowed
edge-cases#mode = MIXIN       | edge cases are mixed in
edge-cases#total = 9          | # of all combined edge cases
edge-cases#tried = 2          | # of edge cases tried in current run
seed = -5962616257005448694   | random seed to reproduce generated values

Shrunk Sample (1 steps)
-----------------------
  arg0: ""
  arg1: ""

Original Sample
---------------
  arg0: "⻅ﹱ셍賣ﷰ喎ꭎ醀胒㓴찺ﮡ㰂䂸듬䖈⃊捀ᤙЎ觮ꛣ"
  arg1: ""

  Original Error
  --------------
  java.lang.AssertionError:
    Expecting actual:
      22
    to be greater than:
      22


]]></system-out>
  </testcase>
  <testcase name="alwaysPositive" classname="com.github.gbz3.try_jqwik.PropertyBasedTest" time="0.045">
    <failure message="Property [PropertyBasedTest:alwaysPositive] failed with sample {0=-2147483648}" type="org.opentest4j.AssertionFailedError"><![CDATA[org.opentest4j.AssertionFailedError: Property [PropertyBasedTest:alwaysPositive] failed with sample {0=-2147483648}
	at net.jqwik.engine.properties.PropertyCheckResult.determineThrowable(PropertyCheckResult.java:193)
	at net.jqwik.engine.properties.PropertyCheckResult.<init>(PropertyCheckResult.java:185)
	at net.jqwik.engine.properties.PropertyCheckResult.failed(PropertyCheckResult.java:68)
	at net.jqwik.engine.properties.GenericProperty.shrinkAndCreateCheckResult(GenericProperty.java:187)
	at net.jqwik.engine.properties.GenericProperty.check(GenericProperty.java:80)
	at net.jqwik.engine.execution.CheckedProperty.check(CheckedProperty.java:67)
	at net.jqwik.engine.execution.PropertyMethodExecutor.executeProperty(PropertyMethodExecutor.java:90)
	at net.jqwik.engine.execution.PropertyMethodExecutor.executeMethod(PropertyMethodExecutor.java:69)
	at net.jqwik.engine.execution.PropertyMethodExecutor.lambda$execute$0(PropertyMethodExecutor.java:49)
	at net.jqwik.api.lifecycle.AroundPropertyHook.lambda$static$0(AroundPropertyHook.java:46)
	at net.jqwik.engine.execution.lifecycle.HookSupport.lambda$wrap$0(HookSupport.java:26)
	at net.jqwik.api.lifecycle.PropertyExecutor.executeAndFinally(PropertyExecutor.java:39)
	at net.jqwik.engine.hooks.lifecycle.PropertyLifecycleMethodsHook.aroundProperty(PropertyLifecycleMethodsHook.java:56)
	at net.jqwik.engine.execution.lifecycle.HookSupport.lambda$wrap$1(HookSupport.java:31)
	at net.jqwik.engine.execution.lifecycle.HookSupport.lambda$wrap$0(HookSupport.java:26)
	at net.jqwik.engine.hooks.statistics.StatisticsHook.aroundProperty(StatisticsHook.java:37)
	at net.jqwik.engine.execution.lifecycle.HookSupport.lambda$wrap$1(HookSupport.java:31)
	at net.jqwik.engine.execution.lifecycle.HookSupport.lambda$wrap$0(HookSupport.java:26)
	at net.jqwik.engine.hooks.lifecycle.AutoCloseableHook.aroundProperty(AutoCloseableHook.java:13)
	at net.jqwik.engine.execution.lifecycle.HookSupport.lambda$wrap$1(HookSupport.java:31)
	at net.jqwik.engine.execution.PropertyMethodExecutor.execute(PropertyMethodExecutor.java:47)
	at net.jqwik.engine.execution.PropertyTaskCreator.executeTestMethod(PropertyTaskCreator.java:166)
	at net.jqwik.engine.execution.PropertyTaskCreator.lambda$createTask$1(PropertyTaskCreator.java:51)
	at net.jqwik.engine.execution.lifecycle.CurrentDomainContext.runWithContext(CurrentDomainContext.java:30)
	at net.jqwik.engine.execution.PropertyTaskCreator.lambda$createTask$2(PropertyTaskCreator.java:50)
	at net.jqwik.engine.execution.pipeline.ExecutionTask$1.lambda$execute$0(ExecutionTask.java:31)
	at net.jqwik.engine.execution.lifecycle.CurrentTestDescriptor.runWithDescriptor(CurrentTestDescriptor.java:18)
	at net.jqwik.engine.execution.pipeline.ExecutionTask$1.execute(ExecutionTask.java:31)
	at net.jqwik.engine.execution.pipeline.ExecutionPipeline.runToTermination(ExecutionPipeline.java:82)
	at net.jqwik.engine.execution.JqwikExecutor.execute(JqwikExecutor.java:46)
	at net.jqwik.engine.JqwikTestEngine.executeTests(JqwikTestEngine.java:70)
	at net.jqwik.engine.JqwikTestEngine.execute(JqwikTestEngine.java:53)
]]></failure>
    <system-out><![CDATA[timestamp = 2024-09-14T13:00:50.048622878, PropertyBasedTest:alwaysPositive = 
  org.opentest4j.AssertionFailedError:
    Property [PropertyBasedTest:alwaysPositive] failed with sample {0=-2147483648}

                              |-----------------------jqwik-----------------------
tries = 1                     | # of calls to property
checks = 1                    | # of not rejected calls
generation = RANDOMIZED       | parameters are randomly generated
after-failure = SAMPLE_FIRST  | try previously failed sample, then previous seed
when-fixed-seed = ALLOW       | fixing the random seed is allowed
edge-cases#mode = MIXIN       | edge cases are mixed in
edge-cases#total = 9          | # of all combined edge cases
edge-cases#tried = 2          | # of edge cases tried in current run
seed = 663703530746863627     | random seed to reproduce generated values

Sample
------
  arg0: -2147483648


]]></system-out>
    <system-err><![CDATA[Sep 14, 2024 1:00:50 PM net.jqwik.engine.execution.AfterFailureParametersGenerator logAfterFailureHandling
INFO: After Failure Handling: SAMPLE_FIRST, Previous Generation: <GenerationInfo(663703530746863627, 60, [])>
]]></system-err>
  </testcase>
</testsuite>